<?xml version="1.0" encoding="UTF-8"?>
<testsuite xmlns:xsi="http://www.w3.org/2001/XMLSchema-instance" xsi:noNamespaceSchemaLocation="https://maven.apache.org/surefire/maven-surefire-plugin/xsd/surefire-test-report.xsd" version="3.0.2" name="AI.Assistant.ChatControllerTest" time="1.298" tests="5" errors="0" skipped="0" failures="0">
  <properties>
[...]
</properties>
  <testcase name="getWithMessageReturnsReply" classname="AI.Assistant.ChatControllerTest" time="0.316">
    <system-out><![CDATA[2026-04-20T23:30:40.897+05:30  INFO 9124 --- [Assistant] [           main] t.c.s.AnnotationConfigContextLoaderUtils : Could not detect default configuration classes for test class [AI.Assistant.ChatControllerTest]: ChatControllerTest does not declare any static, non-private, non-final, nested classes annotated with @Configuration.
2026-04-20T23:30:40.952+05:30  INFO 9124 --- [Assistant] [           main] .b.t.c.SpringBootTestContextBootstrapper : Found @SpringBootConfiguration AI.Assistant.AssistantApplication for test class AI.Assistant.ChatControllerTest

  .   ____          _            __ _ _
 /\\ / ___'_ __ _ _(_)_ __  __ _ \ \ \ \
( ( )\___ | '_ | '_| | '_ \/ _` | \ \ \ \
 \\/  ___)| |_)| | | | | || (_| |  ) ) ) )
  '  |____| .__|_| |_|_| |_\__, | / / / /
 =========|_|==============|___/=/_/_/_/

 :: Spring Boot ::               (v3.5.10)

2026-04-20T23:30:40.990+05:30  INFO 9124 --- [Assistant] [           main] AI.Assistant.ChatControllerTest          : Starting ChatControllerTest using Java 17.0.12 with PID 9124 (started by Asus in C:\Users\Asus\Documents\chatbot bknd\Spring-AI-Assistant-main\Assistant)
2026-04-20T23:30:40.990+05:30  INFO 9124 --- [Assistant] [           main] AI.Assistant.ChatControllerTest          : No active profile set, falling back to 1 default profile: "default"
2026-04-20T23:30:41.598+05:30  INFO 9124 --- [Assistant] [           main] o.s.b.t.m.w.SpringBootMockServletContext : Initializing Spring TestDispatcherServlet ''
2026-04-20T23:30:41.598+05:30  INFO 9124 --- [Assistant] [           main] o.s.t.web.servlet.TestDispatcherServlet  : Initializing Servlet ''
2026-04-20T23:30:41.619+05:30  INFO 9124 --- [Assistant] [           main] o.s.t.web.servlet.TestDispatcherServlet  : Completed initialization in 0 ms
2026-04-20T23:30:41.746+05:30  INFO 9124 --- [Assistant] [           main] AI.Assistant.ChatControllerTest          : Started ChatControllerTest in 0.788 seconds (process running for 7.438)
]]></system-out>
  </testcase>
  <testcase name="upstreamFailureReturnsBadGateway" classname="AI.Assistant.ChatControllerTest" time="0.057"/>
  <testcase name="postWithValidBodyReturnsReply" classname="AI.Assistant.ChatControllerTest" time="0.014"/>
  <testcase name="postWithEmptyMessageReturnsBadRequest" classname="AI.Assistant.ChatControllerTest" time="0.013"/>
  <testcase name="getWithoutMessageReturnsUsageInstructions" classname="AI.Assistant.ChatControllerTest" time="0.007"/>
</testsuite>